Build started 2014-09-23 16:01:23.
     1>Project "C:\Users\Sebe\Documents\GitHub\AI\Astar\Astar\AStar.vcxproj" on node 2 (Build target(s)).
     1>C:\Program Files (x86)\MSBuild\Microsoft.Cpp\v4.0\V120\Microsoft.CppBuild.targets(388,5): warning MSB8028: The intermediate directory (Debug\) contains files shared from another project (AStar.vcxproj, TetrisSolver.vcxproj).  This can lead to incorrect clean and rebuild behavior.
     1>ClCompile:
         C:\Program Files (x86)\Microsoft Visual Studio 12.0\VC\bin\CL.exe /c /ZI /nologo /W3 /WX- /Od /Oy- /D WIN32 /D _DEBUG /D _CONSOLE /D _LIB /D _UNICODE /D UNICODE /Gm /EHsc /RTC1 /MDd /GS /fp:precise /Zc:wchar_t /Zc:forScope /Fo"Debug\\" /Fd"Debug\vc120.pdb" /Gd /TP /analyze- /errorReport:prompt Random.cpp main.cpp
         main.cpp
     1>c:\users\sebe\documents\github\ai\astar\astar\color.h(279): warning C4244: 'return' : conversion from 'double' to 'float', possible loss of data
     1>c:\users\sebe\documents\github\ai\astar\astar\color.h(287): warning C4244: 'argument' : conversion from 'double' to 'float', possible loss of data
         Generating Code...
         Skipping... (no relevant changes detected)
         Random.cpp
       Link:
         C:\Program Files (x86)\Microsoft Visual Studio 12.0\VC\bin\link.exe /ERRORREPORT:PROMPT /OUT:"C:\Users\Sebe\Documents\GitHub\AI\Astar\Debug\MazeSolver.exe" /INCREMENTAL /NOLOGO SDL2.lib SDL2main.lib kernel32.lib user32.lib gdi32.lib winspool.lib comdlg32.lib advapi32.lib shell32.lib ole32.lib oleaut32.lib uuid.lib odbc32.lib odbccp32.lib /MANIFEST /MANIFESTUAC:"level='asInvoker' uiAccess='false'" /manifest:embed /DEBUG /PDB:"C:\Users\Sebe\Documents\GitHub\AI\Astar\Debug\MazeSolver.pdb" /SUBSYSTEM:CONSOLE /TLBID:1 /DYNAMICBASE /NXCOMPAT /IMPLIB:"C:\Users\Sebe\Documents\GitHub\AI\Astar\Debug\MazeSolver.lib" /MACHINE:X86 Debug\Astar.obj
         Debug\Evolver.obj
         Debug\Genome.obj
         Debug\main.obj
         Debug\Maze.obj
         Debug\Population.obj
         Debug\PrimGenerator.obj
         Debug\Random.obj
         Debug\Window.obj
         AStar.vcxproj -> C:\Users\Sebe\Documents\GitHub\AI\Astar\Debug\MazeSolver.exe
     1>Done Building Project "C:\Users\Sebe\Documents\GitHub\AI\Astar\Astar\AStar.vcxproj" (Build target(s)).

Build succeeded.

Time Elapsed 00:00:01.07
