Build started 2014-09-24 18:00:02.
     1>Project "C:\Users\Sebe\Documents\GitHub\AI\MazeSolver\Maze\Maze.vcxproj" on node 2 (Build target(s)).
     1>C:\Program Files (x86)\MSBuild\Microsoft.Cpp\v4.0\V120\Microsoft.CppBuild.targets(388,5): warning MSB8028: The intermediate directory (Debug\) contains files shared from another project (AStar.vcxproj, MazeSolver.vcxproj, TetrisSolver.vcxproj).  This can lead to incorrect clean and rebuild behavior.
     1>ClCompile:
         C:\Program Files (x86)\Microsoft Visual Studio 12.0\VC\bin\CL.exe /c /ZI /nologo /W3 /WX- /Od /Oy- /D WIN32 /D _DEBUG /D _CONSOLE /D _LIB /D _UNICODE /D UNICODE /Gm /EHsc /RTC1 /MDd /GS /fp:precise /Zc:wchar_t /Zc:forScope /Fo"Debug\\" /Fd"Debug\vc120.pdb" /Gd /TP /analyze- /errorReport:prompt DecisionBasedEvolution\Node.cpp
         Node.cpp
     1>c:\users\sebe\documents\github\ai\mazesolver\maze\decisionbasedevolution\node.cpp(26): warning C4715: 'Node::make_random' : not all control paths return a value
       Link:
         C:\Program Files (x86)\Microsoft Visual Studio 12.0\VC\bin\link.exe /ERRORREPORT:PROMPT /OUT:"C:\Users\Sebe\Documents\GitHub\AI\MazeSolver\Debug\Maze.exe" /INCREMENTAL /NOLOGO SDL2.lib SDL2main.lib kernel32.lib user32.lib gdi32.lib winspool.lib comdlg32.lib advapi32.lib shell32.lib ole32.lib oleaut32.lib uuid.lib odbc32.lib odbccp32.lib /MANIFEST /MANIFESTUAC:"level='asInvoker' uiAccess='false'" /manifest:embed /DEBUG /PDB:"C:\Users\Sebe\Documents\GitHub\AI\MazeSolver\Debug\Maze.pdb" /SUBSYSTEM:CONSOLE /TLBID:1 /DYNAMICBASE /NXCOMPAT /IMPLIB:"C:\Users\Sebe\Documents\GitHub\AI\MazeSolver\Debug\Maze.lib" /MACHINE:X86 Debug\Astar.obj
         Debug\CodeBlock.obj
         Debug\CodeTurtle.obj
         Debug\Command.obj
         Debug\ControlBlock.obj
         Debug\Decision.obj
         Debug\DecisionEvolver.obj
         Debug\Node.obj
         Debug\Reporter.obj
         Debug\main.obj
         Debug\Maze.obj
         Debug\Evolver.obj
         Debug\Genome.obj
         Debug\Population.obj
         Debug\PrimGenerator.obj
         Debug\Random.obj
         Debug\Window.obj
         Maze.vcxproj -> C:\Users\Sebe\Documents\GitHub\AI\MazeSolver\Debug\Maze.exe
     1>Done Building Project "C:\Users\Sebe\Documents\GitHub\AI\MazeSolver\Maze\Maze.vcxproj" (Build target(s)).

Build succeeded.

Time Elapsed 00:00:01.09
