c:\users\sebe\documents\github\ai\mazesolver\maze\debug\vc120.pdb
c:\users\sebe\documents\github\ai\mazesolver\maze\debug\vc120.idb
c:\users\sebe\documents\github\ai\mazesolver\maze\debug\astar.obj
c:\users\sebe\documents\github\ai\mazesolver\maze\debug\main.obj
c:\users\sebe\documents\github\ai\mazesolver\maze\debug\genome.obj
c:\users\sebe\documents\github\ai\mazesolver\maze\debug\population.obj
c:\users\sebe\documents\github\ai\mazesolver\maze\debug\evolver.obj
c:\users\sebe\documents\github\ai\mazesolver\maze\debug\node.obj
c:\users\sebe\documents\github\ai\mazesolver\maze\debug\reporter.obj
c:\users\sebe\documents\github\ai\mazesolver\maze\debug\codeturtle.obj
c:\users\sebe\documents\github\ai\mazesolver\maze\debug\random.obj
c:\users\sebe\documents\github\ai\mazesolver\maze\debug\controlblock.obj
c:\users\sebe\documents\github\ai\mazesolver\maze\debug\decision.obj
c:\users\sebe\documents\github\ai\mazesolver\maze\debug\command.obj
c:\users\sebe\documents\github\ai\mazesolver\maze\debug\codeblock.obj
c:\users\sebe\documents\github\ai\mazesolver\maze\debug\decisionevolver.obj
c:\users\sebe\documents\github\ai\mazesolver\maze\debug\formatter.obj
c:\users\sebe\documents\github\ai\mazesolver\maze\debug\maze.obj
c:\users\sebe\documents\github\ai\mazesolver\maze\debug\primgenerator.obj
c:\users\sebe\documents\github\ai\mazesolver\maze\debug\window.obj
c:\users\sebe\documents\github\ai\mazesolver\debug\maze.pdb
c:\users\sebe\documents\github\ai\mazesolver\maze\debug\maze.tlog\cl.command.1.tlog
c:\users\sebe\documents\github\ai\mazesolver\maze\debug\maze.tlog\cl.read.1.tlog
c:\users\sebe\documents\github\ai\mazesolver\maze\debug\maze.tlog\cl.write.1.tlog
c:\users\sebe\documents\github\ai\mazesolver\maze\debug\maze.tlog\link.command.1.tlog
c:\users\sebe\documents\github\ai\mazesolver\maze\debug\maze.tlog\link.read.1.tlog
c:\users\sebe\documents\github\ai\mazesolver\maze\debug\maze.tlog\link.write.1.tlog
