Build started 2014-09-26 14:09:39.
     1>Project "C:\Users\Sebe\Documents\GitHub\AI\MazeSolver\Maze\Maze.vcxproj" on node 2 (Build target(s)).
     1>C:\Program Files (x86)\MSBuild\Microsoft.Cpp\v4.0\V120\Microsoft.CppBuild.targets(388,5): warning MSB8028: The intermediate directory (Release\) contains files shared from another project (AStar.vcxproj, MazeSolver.vcxproj).  This can lead to incorrect clean and rebuild behavior.
     1>ClCompile:
         C:\Program Files (x86)\Microsoft Visual Studio 12.0\VC\bin\CL.exe /c /Zi /nologo /W3 /WX- /O2 /Oi /Oy- /GL /D WIN32 /D NDEBUG /D _CONSOLE /D _LIB /D _UNICODE /D UNICODE /Gm- /EHsc /MD /GS /Gy /fp:precise /Zc:wchar_t /Zc:forScope /Fo"Release\\" /Fd"Release\vc120.pdb" /Gd /TP /analyze- /errorReport:prompt DecisionBasedEvolution\DecisionEvolver.cpp main.cpp
         DecisionEvolver.cpp
     1>c:\users\sebe\documents\github\ai\mazesolver\maze\Color.h(279): warning C4244: 'return' : conversion from 'double' to 'float', possible loss of data
     1>c:\users\sebe\documents\github\ai\mazesolver\maze\Color.h(287): warning C4244: 'argument' : conversion from 'double' to 'float', possible loss of data
     1>DecisionBasedEvolution\DecisionEvolver.cpp(21): warning C4244: 'initializing' : conversion from 'double' to 'float', possible loss of data
     1>DecisionBasedEvolution\DecisionEvolver.cpp(44): warning C4018: '<' : signed/unsigned mismatch
     1>DecisionBasedEvolution\DecisionEvolver.cpp(67): warning C4018: '<' : signed/unsigned mismatch
     1>DecisionBasedEvolution\DecisionEvolver.cpp(117): warning C4018: '<' : signed/unsigned mismatch
         main.cpp
     1>c:\users\sebe\documents\github\ai\mazesolver\maze\Color.h(279): warning C4244: 'return' : conversion from 'double' to 'float', possible loss of data
     1>c:\users\sebe\documents\github\ai\mazesolver\maze\Color.h(287): warning C4244: 'argument' : conversion from 'double' to 'float', possible loss of data
       Link:
         C:\Program Files (x86)\Microsoft Visual Studio 12.0\VC\bin\link.exe /ERRORREPORT:PROMPT /OUT:"C:\Users\Sebe\Documents\GitHub\AI\MazeSolver\Release\Maze.exe" /INCREMENTAL:NO /NOLOGO SDL2.lib SDL2main.lib kernel32.lib user32.lib gdi32.lib winspool.lib comdlg32.lib advapi32.lib shell32.lib ole32.lib oleaut32.lib uuid.lib odbc32.lib odbccp32.lib /MANIFEST /MANIFESTUAC:"level='asInvoker' uiAccess='false'" /manifest:embed /DEBUG /PDB:"C:\Users\Sebe\Documents\GitHub\AI\MazeSolver\Release\Maze.pdb" /SUBSYSTEM:CONSOLE /OPT:REF /OPT:ICF /LTCG /TLBID:1 /DYNAMICBASE /NXCOMPAT /IMPLIB:"C:\Users\Sebe\Documents\GitHub\AI\MazeSolver\Release\Maze.lib" /MACHINE:X86 /SAFESEH Release\Astar.obj
         Release\CodeBlock.obj
         Release\CodeTurtle.obj
         Release\Command.obj
         Release\ControlBlock.obj
         Release\Decision.obj
         Release\DecisionEvolver.obj
         Release\Formatter.obj
         Release\Node.obj
         Release\Reporter.obj
         Release\main.obj
         Release\Maze.obj
         Release\Evolver.obj
         Release\Genome.obj
         Release\Population.obj
         Release\PrimGenerator.obj
         Release\Random.obj
         Release\Window.obj
         Generating code
         Finished generating code
         Maze.vcxproj -> C:\Users\Sebe\Documents\GitHub\AI\MazeSolver\Release\Maze.exe
     1>Done Building Project "C:\Users\Sebe\Documents\GitHub\AI\MazeSolver\Maze\Maze.vcxproj" (Build target(s)).

Build succeeded.

Time Elapsed 00:00:02.99
