c:\users\sebe\documents\github\ai\mazesolver\maze\release\vc120.pdb
c:\users\sebe\documents\github\ai\mazesolver\maze\release\window.obj
c:\users\sebe\documents\github\ai\mazesolver\maze\release\random.obj
c:\users\sebe\documents\github\ai\mazesolver\maze\release\primgenerator.obj
c:\users\sebe\documents\github\ai\mazesolver\maze\release\population.obj
c:\users\sebe\documents\github\ai\mazesolver\maze\release\genome.obj
c:\users\sebe\documents\github\ai\mazesolver\maze\release\evolver.obj
c:\users\sebe\documents\github\ai\mazesolver\maze\release\maze.obj
c:\users\sebe\documents\github\ai\mazesolver\maze\release\main.obj
c:\users\sebe\documents\github\ai\mazesolver\maze\release\reporter.obj
c:\users\sebe\documents\github\ai\mazesolver\maze\release\node.obj
c:\users\sebe\documents\github\ai\mazesolver\maze\release\formatter.obj
c:\users\sebe\documents\github\ai\mazesolver\maze\release\decisionevolver.obj
c:\users\sebe\documents\github\ai\mazesolver\maze\release\decision.obj
c:\users\sebe\documents\github\ai\mazesolver\maze\release\controlblock.obj
c:\users\sebe\documents\github\ai\mazesolver\maze\release\command.obj
c:\users\sebe\documents\github\ai\mazesolver\maze\release\codeturtle.obj
c:\users\sebe\documents\github\ai\mazesolver\maze\release\codeblock.obj
c:\users\sebe\documents\github\ai\mazesolver\maze\release\astar.obj
c:\users\sebe\documents\github\ai\mazesolver\release\maze.exe
c:\users\sebe\documents\github\ai\mazesolver\release\maze.pdb
c:\users\sebe\documents\github\ai\mazesolver\maze\release\maze.tlog\cl.command.1.tlog
c:\users\sebe\documents\github\ai\mazesolver\maze\release\maze.tlog\cl.read.1.tlog
c:\users\sebe\documents\github\ai\mazesolver\maze\release\maze.tlog\cl.write.1.tlog
c:\users\sebe\documents\github\ai\mazesolver\maze\release\maze.tlog\link.command.1.tlog
c:\users\sebe\documents\github\ai\mazesolver\maze\release\maze.tlog\link.read.1.tlog
c:\users\sebe\documents\github\ai\mazesolver\maze\release\maze.tlog\link.write.1.tlog
